<?xml version="1.0" encoding="UTF-8"?>
<!-- Generated by org.testng.reporters.JUnitReportReporter -->
<testsuite skipped="0" hostname="DESKTOP-1SF9GD8" name="MavenPackage.MavenProject.MercuryTest" tests="1" failures="0" timestamp="16 Dec 2018 10:02:32 GMT" time="5.803" errors="0">
  <testcase name="validLogin" time="5.803" classname="MavenPackage.MavenProject.MercuryTest"/>
</testsuite> <!-- MavenPackage.MavenProject.MercuryTest -->
