<?xml version="1.0" encoding="UTF-8"?>
<!-- Generated by org.testng.reporters.JUnitReportReporter -->
<testsuite skipped="0" hostname="DESKTOP-1SF9GD8" name="MavenPackage.MavenProject.MercuryTest" tests="1" failures="0" timestamp="03 Jan 2019 10:31:37 GMT" time="57.245" errors="0">
  <testcase name="validLogin" time="57.245" classname="MavenPackage.MavenProject.MercuryTest"/>
</testsuite> <!-- MavenPackage.MavenProject.MercuryTest -->
